2021-01-15 10:23:03,139 - com.pricer.Start - INFO - getting Base Station List...
2021-01-15 10:23:03,141 - com.pricer.Start - INFO - getting Link Department List...
2021-01-15 10:23:03,142 - com.pricer.Start - INFO - Construction of LinkDepartement ...
2021-01-15 10:23:03,152 - com.pricer.Start - INFO - Reading Declaration.jsp for ALIAS...
2021-01-15 10:23:03,192 - com.pricer.Start - ERROR - ##########Problem with Declaration.jsp  : Failed to connect: localhost/127.0.0.1
2021-01-15 10:23:18,574 - com.pricer.Start - INFO - Prepare Installation...
2021-01-15 10:23:18,586 - com.pricer.Start - INFO - Starting Application MigrationCastorama V1.0
2021-01-15 10:23:18,717 - com.pricer.Start - INFO - getting item list...
2021-01-15 10:23:20,445 - com.pricer.Start - INFO - getting subcell List...
2021-01-15 10:23:20,447 - com.pricer.Start - INFO - getting subcell TRXMAP List...
2021-01-15 10:23:20,449 - com.pricer.Start - INFO - getting Base Station List...
2021-01-15 10:23:20,450 - com.pricer.Start - INFO - getting Link Department List...
2021-01-15 10:23:20,450 - com.pricer.Start - INFO - Construction of LinkDepartement ...
2021-01-15 10:23:20,461 - com.pricer.Start - INFO - Reading Declaration.jsp for ALIAS...
2021-01-15 10:23:20,572 - com.pricer.Start - ERROR - ##########Problem with Declaration.jsp  : Failed to connect: localhost/127.0.0.1
2021-01-15 10:26:08,426 - com.pricer.Start - INFO - Prepare Installation...
2021-01-15 10:26:08,439 - com.pricer.Start - INFO - Starting Application MigrationCastorama V1.0
2021-01-15 10:26:08,566 - com.pricer.Start - INFO - getting item list...
2021-01-15 10:26:10,337 - com.pricer.Start - INFO - getting subcell List...
2021-01-15 10:26:10,339 - com.pricer.Start - INFO - getting subcell TRXMAP List...
2021-01-15 10:26:10,341 - com.pricer.Start - INFO - getting Base Station List...
2021-01-15 10:26:10,342 - com.pricer.Start - INFO - getting Link Department List...
2021-01-15 10:26:10,343 - com.pricer.Start - INFO - Construction of LinkDepartement ...
2021-01-15 10:26:10,353 - com.pricer.Start - INFO - Reading Declaration.jsp for ALIAS...
2021-01-15 10:26:10,393 - com.pricer.Start - ERROR - ##########Problem with Declaration.jsp  : Failed to connect: localhost/127.0.0.1
2021-01-15 10:27:04,230 - com.pricer.Start - INFO - Prepare Installation...
2021-01-15 10:27:04,240 - com.pricer.Start - INFO - Starting Application MigrationCastorama V1.0
2021-01-15 10:27:04,364 - com.pricer.Start - INFO - getting item list...
2021-01-15 10:27:06,112 - com.pricer.Start - INFO - getting subcell List...
2021-01-15 10:27:06,112 - com.pricer.Start - INFO - getting subcell TRXMAP List...
2021-01-15 10:27:06,115 - com.pricer.Start - INFO - getting Base Station List...
2021-01-15 10:27:06,116 - com.pricer.Start - INFO - getting Link Department List...
2021-01-15 10:27:06,116 - com.pricer.Start - INFO - Construction of LinkDepartement ...
2021-01-15 10:27:06,127 - com.pricer.Start - INFO - Reading Declaration.jsp for ALIAS...
2021-01-15 10:27:12,188 - com.pricer.Start - ERROR - ##########Problem with Declaration.jsp  : Failed to connect to server
2021-01-15 10:28:11,915 - com.pricer.Start - INFO - Prepare Installation...
2021-01-15 10:28:11,927 - com.pricer.Start - INFO - Starting Application MigrationCastorama V1.0
2021-01-15 10:28:12,054 - com.pricer.Start - INFO - getting item list...
2021-01-15 10:28:13,885 - com.pricer.Start - INFO - getting subcell List...
2021-01-15 10:28:13,887 - com.pricer.Start - INFO - getting subcell TRXMAP List...
2021-01-15 10:28:13,890 - com.pricer.Start - INFO - getting Base Station List...
2021-01-15 10:28:13,892 - com.pricer.Start - INFO - getting Link Department List...
2021-01-15 10:28:13,893 - com.pricer.Start - INFO - Construction of LinkDepartement ...
2021-01-15 10:28:13,906 - com.pricer.Start - INFO - Reading Declaration.jsp for ALIAS...
2021-01-15 10:28:19,973 - com.pricer.Start - ERROR - ##########Problem with Declaration.jsp  : Failed to connect to server
2022-01-20 09:09:37,955 - com.pricer.Start - INFO - Prepare Installation...
2022-01-20 09:09:37,975 - com.pricer.Start - INFO - Starting Application MigrationCastorama V1.0
2022-01-20 09:09:38,037 - com.pricer.Start - INFO - getting item list...
2022-01-20 09:09:38,037 - com.pricer.Start - FATAL - general ERROR check File and FOlders Configuration :null
2022-01-20 09:09:38,037 - com.pricer.Start - FATAL - Migration Aborted !!!
2022-01-20 09:09:38,037 - com.pricer.Start - INFO - Flag Deleted...
2022-01-20 09:09:47,977 - com.pricer.Start - FATAL - Threatment during more than 40 min Or flag ko detected , stopping migration
2022-01-20 09:09:47,979 - com.pricer.Start - FATAL - Prepare Migration Aborted !!!
2022-01-20 09:09:47,979 - com.pricer.Start - FATAL - Exit Application Without Rollback (not necessary
2022-01-20 09:12:29,183 - com.pricer.Start - INFO - Prepare Installation...
2022-01-20 09:12:29,199 - com.pricer.Start - INFO - Starting Application MigrationCastorama V1.0
2022-01-20 09:12:29,249 - com.pricer.Start - INFO - getting item list...
2022-01-20 09:12:29,249 - com.pricer.Start - FATAL - general ERROR check File and FOlders Configuration :null
2022-01-20 09:12:29,250 - com.pricer.Start - FATAL - Migration Aborted !!!
2022-01-20 09:12:29,253 - com.pricer.Start - INFO - Flag Deleted...
2022-01-20 09:12:39,209 - com.pricer.Start - FATAL - Threatment during more than 40 min Or flag ko detected , stopping migration
2022-01-20 09:12:39,209 - com.pricer.Start - FATAL - Prepare Migration Aborted !!!
2022-01-20 09:12:39,209 - com.pricer.Start - FATAL - Exit Application Without Rollback (not necessary
2022-01-20 09:13:34,035 - com.pricer.Start - INFO - Prepare Installation...
2022-01-20 09:13:34,035 - com.pricer.Start - INFO - Starting Application MigrationCastorama V1.0
2022-01-20 09:13:34,097 - com.pricer.Start - INFO - getting item list...
2022-01-20 09:13:34,097 - com.pricer.Start - FATAL - general ERROR check File and FOlders Configuration :null
2022-01-20 09:13:34,097 - com.pricer.Start - FATAL - Migration Aborted !!!
2022-01-20 09:13:34,097 - com.pricer.Start - INFO - Flag Deleted...
2022-01-20 09:13:44,044 - com.pricer.Start - FATAL - Threatment during more than 40 min Or flag ko detected , stopping migration
2022-01-20 09:13:44,044 - com.pricer.Start - FATAL - Prepare Migration Aborted !!!
2022-01-20 09:13:44,044 - com.pricer.Start - FATAL - Exit Application Without Rollback (not necessary
2022-01-20 09:16:55,550 - com.pricer.Start - INFO - Prepare Installation...
2022-01-20 09:16:55,565 - com.pricer.Start - INFO - Starting Application MigrationCastorama V1.0
2022-01-20 09:16:55,619 - com.pricer.Start - INFO - getting subcell List...
2022-01-20 09:16:55,619 - com.pricer.Start - FATAL - general ERROR check File and FOlders Configuration :null
2022-01-20 09:16:55,619 - com.pricer.Start - FATAL - Migration Aborted !!!
2022-01-20 09:16:55,619 - com.pricer.Start - INFO - Flag Deleted...
2022-01-20 09:17:05,569 - com.pricer.Start - FATAL - Threatment during more than 40 min Or flag ko detected , stopping migration
2022-01-20 09:17:05,569 - com.pricer.Start - FATAL - Prepare Migration Aborted !!!
2022-01-20 09:17:05,569 - com.pricer.Start - FATAL - Exit Application Without Rollback (not necessary
2022-01-20 09:17:35,686 - com.pricer.Start - INFO - Prepare Installation...
2022-01-20 09:17:35,702 - com.pricer.Start - INFO - Starting Application MigrationCastorama V1.0
2022-01-20 09:17:35,755 - com.pricer.Start - INFO - getting subcell List...
2022-01-20 09:17:35,755 - com.pricer.Start - FATAL - general ERROR check File and FOlders Configuration :null
2022-01-20 09:17:35,755 - com.pricer.Start - FATAL - Migration Aborted !!!
2022-01-20 09:17:35,755 - com.pricer.Start - INFO - Flag Deleted...
2022-01-20 09:17:45,702 - com.pricer.Start - FATAL - Threatment during more than 40 min Or flag ko detected , stopping migration
2022-01-20 09:17:45,702 - com.pricer.Start - FATAL - Prepare Migration Aborted !!!
2022-01-20 09:17:45,702 - com.pricer.Start - FATAL - Exit Application Without Rollback (not necessary
2022-01-20 10:17:32,310 - com.pricer.Start - INFO - Prepare Installation...
2022-01-20 10:17:32,315 - com.pricer.Start - INFO - Starting Application MigrationCastorama V1.0
2022-01-20 10:17:32,385 - com.pricer.Start - INFO - getting subcell List...
2022-01-20 10:17:32,385 - com.pricer.Start - FATAL - general ERROR check File and FOlders Configuration :null
2022-01-20 10:17:32,385 - com.pricer.Start - FATAL - Migration Aborted !!!
2022-01-20 10:17:32,388 - com.pricer.Start - INFO - Flag Deleted...
2022-01-20 10:17:42,317 - com.pricer.Start - FATAL - Threatment during more than 40 min Or flag ko detected , stopping migration
2022-01-20 10:17:42,320 - com.pricer.Start - FATAL - Prepare Migration Aborted !!!
2022-01-20 10:17:42,320 - com.pricer.Start - FATAL - Exit Application Without Rollback (not necessary
2022-01-20 10:17:58,099 - com.pricer.Start - INFO - Prepare Installation...
2022-01-20 10:17:58,103 - com.pricer.Start - INFO - Starting Application MigrationCastorama V1.0
2022-01-20 10:17:58,156 - com.pricer.Start - INFO - getting subcell List...
2022-01-20 10:17:58,156 - com.pricer.Start - FATAL - general ERROR check File and FOlders Configuration :null
2022-01-20 10:17:58,156 - com.pricer.Start - FATAL - Migration Aborted !!!
2022-01-20 10:17:58,159 - com.pricer.Start - INFO - Flag Deleted...
2022-01-20 10:18:08,106 - com.pricer.Start - FATAL - Threatment during more than 40 min Or flag ko detected , stopping migration
2022-01-20 10:18:08,108 - com.pricer.Start - FATAL - Prepare Migration Aborted !!!
2022-01-20 10:18:08,108 - com.pricer.Start - FATAL - Exit Application Without Rollback (not necessary
2022-01-20 10:18:15,612 - com.pricer.Start - INFO - Prepare Installation...
2022-01-20 10:18:15,618 - com.pricer.Start - INFO - Starting Application MigrationCastorama V1.0
2022-01-20 10:18:15,675 - com.pricer.Start - INFO - getting subcell List...
2022-01-20 10:18:15,675 - com.pricer.Start - FATAL - general ERROR check File and FOlders Configuration :null
2022-01-20 10:18:15,675 - com.pricer.Start - FATAL - Migration Aborted !!!
2022-01-20 10:18:15,678 - com.pricer.Start - INFO - Flag Deleted...
2022-01-20 10:18:25,620 - com.pricer.Start - FATAL - Threatment during more than 40 min Or flag ko detected , stopping migration
2022-01-20 10:18:25,626 - com.pricer.Start - FATAL - Prepare Migration Aborted !!!
2022-01-20 10:18:25,626 - com.pricer.Start - FATAL - Exit Application Without Rollback (not necessary
2022-01-20 10:18:29,806 - com.pricer.Start - INFO - Prepare Installation...
2022-01-20 10:18:29,810 - com.pricer.Start - INFO - Starting Application MigrationCastorama V1.0
2022-01-20 10:18:29,864 - com.pricer.Start - INFO - getting subcell List...
2022-01-20 10:18:29,864 - com.pricer.Start - FATAL - general ERROR check File and FOlders Configuration :null
2022-01-20 10:18:29,864 - com.pricer.Start - FATAL - Migration Aborted !!!
2022-01-20 10:18:29,867 - com.pricer.Start - INFO - Flag Deleted...
2022-01-20 10:18:39,813 - com.pricer.Start - FATAL - Threatment during more than 40 min Or flag ko detected , stopping migration
2022-01-20 10:18:39,816 - com.pricer.Start - FATAL - Prepare Migration Aborted !!!
2022-01-20 10:18:39,816 - com.pricer.Start - FATAL - Exit Application Without Rollback (not necessary
2022-01-20 10:42:07,775 - com.pricer.Start - INFO - Prepare Installation...
2022-01-20 10:42:07,786 - com.pricer.Start - INFO - Starting Application ExtractInfra V1.0
2022-01-20 10:42:07,955 - com.pricer.Start - INFO - getting subcell List...
2022-01-20 10:42:07,961 - com.pricer.Start - INFO - getting subcell TRXMAP List...
2022-01-20 10:42:07,970 - com.pricer.Start - INFO - getting Base Station List...
2022-01-20 10:42:07,975 - com.pricer.Start - INFO - getting Link Department List...
2022-01-20 10:42:07,978 - com.pricer.Start - INFO - Construction of LinkDepartement ...
2022-01-20 10:42:07,978 - com.pricer.Start - INFO - Create Export File for LinkDepartment...
2022-01-20 10:42:07,982 - com.pricer.Start - INFO - Getting Transceiver List...
2022-01-20 10:42:07,988 - com.pricer.Start - INFO - Create Export File for Transceiver List...
2022-01-20 10:42:07,990 - com.pricer.Start - INFO - Create Export File for Base Stations List...
2022-01-20 10:42:07,991 - com.pricer.Start - INFO - Flag Deleted...
2022-01-20 10:42:17,788 - com.pricer.Start - INFO - !!!!!!! DATA EXPORT SUCCESSFUL !!!!!!

2022-01-20 10:43:50,400 - com.pricer.Start - INFO - Prepare Installation...
2022-01-20 10:43:50,404 - com.pricer.Start - INFO - Starting Application ExtractInfra V1.0
2022-01-20 10:43:50,573 - com.pricer.Start - INFO - getting subcell List...
2022-01-20 10:43:50,575 - com.pricer.Start - INFO - getting subcell TRXMAP List...
2022-01-20 10:43:50,584 - com.pricer.Start - INFO - getting Base Station List...
2022-01-20 10:43:50,586 - com.pricer.Start - INFO - getting Link Department List...
2022-01-20 10:43:50,587 - com.pricer.Start - INFO - Construction of LinkDepartement ...
2022-01-20 10:43:50,587 - com.pricer.Start - INFO - Create Export File for LinkDepartment...
2022-01-20 10:43:50,593 - com.pricer.Start - INFO - Getting Transceiver List...
2022-01-20 10:43:50,595 - com.pricer.Start - INFO - Create Export File for Transceiver List...
2022-01-20 10:43:50,596 - com.pricer.Start - INFO - Create Export File for Base Stations List...
2022-01-20 10:43:50,597 - com.pricer.Start - INFO - Flag Deleted...
2022-01-20 10:44:00,407 - com.pricer.Start - INFO - !!!!!!! DATA EXPORT SUCCESSFUL !!!!!!

2022-01-20 10:45:07,874 - com.pricer.Start - INFO - Prepare Installation...
2022-01-20 10:45:07,885 - com.pricer.Start - INFO - Starting Application ExtractInfra V1.0
2022-01-20 10:45:08,048 - com.pricer.Start - INFO - getting subcell List...
2022-01-20 10:45:08,050 - com.pricer.Start - INFO - getting subcell TRXMAP List...
2022-01-20 10:45:08,057 - com.pricer.Start - INFO - getting Base Station List...
2022-01-20 10:45:08,058 - com.pricer.Start - INFO - getting Link Department List...
2022-01-20 10:45:08,059 - com.pricer.Start - INFO - Construction of LinkDepartement ...
2022-01-20 10:45:08,065 - com.pricer.Start - INFO - Create Export File for LinkDepartment...
2022-01-20 10:45:08,070 - com.pricer.Start - INFO - Getting Transceiver List...
2022-01-20 10:45:08,084 - com.pricer.Start - INFO - Create Export File for Transceiver List...
2022-01-20 10:45:08,087 - com.pricer.Start - INFO - Create Export File for Base Stations List...
2022-01-20 10:45:08,090 - com.pricer.Start - INFO - Flag Deleted...
2022-01-20 10:45:17,887 - com.pricer.Start - INFO - !!!!!!! DATA EXPORT SUCCESSFUL !!!!!!

2022-01-20 10:45:24,764 - com.pricer.Start - INFO - Prepare Installation...
2022-01-20 10:45:24,771 - com.pricer.Start - INFO - Starting Application ExtractInfra V1.0
2022-01-20 10:45:24,963 - com.pricer.Start - INFO - getting subcell List...
2022-01-20 10:45:24,965 - com.pricer.Start - INFO - getting subcell TRXMAP List...
2022-01-20 10:45:24,969 - com.pricer.Start - INFO - getting Base Station List...
2022-01-20 10:45:24,971 - com.pricer.Start - INFO - getting Link Department List...
2022-01-20 10:45:24,972 - com.pricer.Start - INFO - Construction of LinkDepartement ...
2022-01-20 10:45:24,979 - com.pricer.Start - INFO - Create Export File for LinkDepartment...
2022-01-20 10:45:24,983 - com.pricer.Start - INFO - Getting Transceiver List...
2022-01-20 10:45:24,985 - com.pricer.Start - INFO - Create Export File for Transceiver List...
2022-01-20 10:45:24,989 - com.pricer.Start - INFO - Create Export File for Base Stations List...
2022-01-20 10:45:24,991 - com.pricer.Start - INFO - Flag Deleted...
2022-01-20 10:45:34,775 - com.pricer.Start - INFO - !!!!!!! DATA EXPORT SUCCESSFUL !!!!!!

2022-01-20 10:51:21,238 - com.pricer.Start - INFO - Prepare Installation...
2022-01-20 10:51:21,243 - com.pricer.Start - INFO - Starting Application ExtractInfra V1.0
2022-01-20 10:51:21,419 - com.pricer.Start - INFO - getting subcell List...
2022-01-20 10:51:21,421 - com.pricer.Start - INFO - getting subcell TRXMAP List...
2022-01-20 10:51:21,423 - com.pricer.Start - INFO - getting Base Station List...
2022-01-20 10:51:21,425 - com.pricer.Start - INFO - getting Link Department List...
2022-01-20 10:51:21,426 - com.pricer.Start - INFO - Construction of LinkDepartement ...
2022-01-20 10:51:21,431 - com.pricer.Start - INFO - Create Export File for LinkDepartment...
2022-01-20 10:51:21,435 - com.pricer.Start - INFO - Getting Transceiver List...
2022-01-20 10:51:21,441 - com.pricer.Start - INFO - Create Export File for Transceiver List...
2022-01-20 10:51:21,446 - com.pricer.Start - INFO - Create Export File for Base Stations List...
2022-01-20 10:51:21,449 - com.pricer.Start - INFO - Flag Deleted...
2022-01-20 10:51:31,245 - com.pricer.Start - INFO - !!!!!!! DATA EXPORT SUCCESSFUL !!!!!!

2022-01-20 10:52:00,390 - com.pricer.Start - INFO - Prepare Installation...
2022-01-20 10:52:00,395 - com.pricer.Start - INFO - Starting Application ExtractInfra V1.0
2022-01-20 10:52:00,560 - com.pricer.Start - INFO - getting subcell List...
2022-01-20 10:52:00,562 - com.pricer.Start - INFO - getting subcell TRXMAP List...
2022-01-20 10:52:00,564 - com.pricer.Start - INFO - getting Base Station List...
2022-01-20 10:52:00,564 - com.pricer.Start - INFO - getting Link Department List...
2022-01-20 10:52:00,565 - com.pricer.Start - INFO - Construction of LinkDepartement ...
2022-01-20 10:52:00,570 - com.pricer.Start - INFO - Create Export File for LinkDepartment...
2022-01-20 10:52:00,575 - com.pricer.Start - INFO - Getting Transceiver List...
2022-01-20 10:52:00,578 - com.pricer.Start - INFO - Create Export File for Transceiver List...
2022-01-20 10:52:00,582 - com.pricer.Start - INFO - Create Export File for Base Stations List...
2022-01-20 10:52:00,585 - com.pricer.Start - INFO - Flag Deleted...
2022-01-20 10:59:12,991 - com.pricer.Start - INFO - Prepare Installation...
2022-01-20 10:59:13,001 - com.pricer.Start - INFO - Starting Application ExtractInfra V1.0
2022-01-20 10:59:13,155 - com.pricer.Start - INFO - getting subcell List...
2022-01-20 10:59:13,157 - com.pricer.Start - INFO - getting subcell TRXMAP List...
2022-01-20 10:59:13,159 - com.pricer.Start - INFO - getting Base Station List...
2022-01-20 10:59:13,161 - com.pricer.Start - INFO - getting Link Department List...
2022-01-20 10:59:13,162 - com.pricer.Start - INFO - Construction of LinkDepartement ...
2022-01-20 10:59:13,167 - com.pricer.Start - INFO - Create Export File for LinkDepartment...
2022-01-20 10:59:13,172 - com.pricer.Start - INFO - Getting Transceiver List...
2022-01-20 10:59:13,174 - com.pricer.Start - INFO - Create Export File for Transceiver List...
2022-01-20 10:59:13,178 - com.pricer.Start - INFO - Create Export File for Transceiver Location list...
2022-01-20 10:59:13,182 - com.pricer.Start - INFO - Create Export File for Base Stations List...
2022-01-20 10:59:13,184 - com.pricer.Start - INFO - Flag Deleted...
2022-01-20 10:59:23,004 - com.pricer.Start - INFO - !!!!!!! DATA EXPORT SUCCESSFUL !!!!!!

2022-01-20 11:03:10,628 - com.pricer.Start - INFO - Prepare Installation...
2022-01-20 11:03:10,633 - com.pricer.Start - INFO - Starting Application ExtractInfra V1.0
2022-01-20 11:03:10,795 - com.pricer.Start - INFO - getting subcell List...
2022-01-20 11:03:10,797 - com.pricer.Start - INFO - getting subcell TRXMAP List...
2022-01-20 11:03:10,799 - com.pricer.Start - INFO - getting Base Station List...
2022-01-20 11:03:10,800 - com.pricer.Start - INFO - getting Link Department List...
2022-01-20 11:03:10,801 - com.pricer.Start - INFO - Construction of LinkDepartement ...
2022-01-20 11:03:10,805 - com.pricer.Start - INFO - Create Export File for LinkDepartment...
2022-01-20 11:03:10,810 - com.pricer.Start - INFO - Getting Transceiver List...
2022-01-20 11:03:10,812 - com.pricer.Start - INFO - Create Export File for Transceiver List...
2022-01-20 11:03:10,816 - com.pricer.Start - INFO - Create Export File for Transceiver Location list...
2022-01-20 11:03:10,819 - com.pricer.Start - INFO - Create Export File for Base Stations List...
2022-01-20 11:03:10,821 - com.pricer.Start - INFO - Flag Deleted...
2022-01-20 11:03:20,635 - com.pricer.Start - INFO - !!!!!!! DATA EXPORT SUCCESSFUL !!!!!!

2022-01-20 11:19:10,520 - com.pricer.Start - INFO - Prepare Installation...
2022-01-20 11:19:10,530 - com.pricer.Start - INFO - Starting Application ExtractInfra V1.0
2022-01-20 11:19:10,688 - com.pricer.Start - INFO - getting subcell List...
2022-01-20 11:19:10,690 - com.pricer.Start - INFO - getting geostore List...
2022-01-20 11:19:10,704 - com.pricer.Start - INFO - getting subcell TRXMAP List...
2022-01-20 11:19:10,706 - com.pricer.Start - INFO - getting Base Station List...
2022-01-20 11:19:10,708 - com.pricer.Start - INFO - getting Link Department List...
2022-01-20 11:19:10,709 - com.pricer.Start - INFO - Construction of LinkDepartement ...
2022-01-20 11:19:10,713 - com.pricer.Start - INFO - Create Export File for LinkDepartment...
2022-01-20 11:19:10,717 - com.pricer.Start - INFO - Getting Transceiver List...
2022-01-20 11:19:10,719 - com.pricer.Start - INFO - Create Export File for Transceiver List...
2022-01-20 11:19:10,723 - com.pricer.Start - INFO - Create Export File for Transceiver Location list...
2022-01-20 11:19:10,726 - com.pricer.Start - INFO - Create Export File for Base Stations List...
2022-01-20 11:19:10,727 - com.pricer.Start - INFO - Create Export file for GeoStore List...
2022-01-20 11:19:10,735 - com.pricer.Start - INFO - Flag Deleted...
2022-01-20 11:19:20,531 - com.pricer.Start - INFO - !!!!!!! DATA EXPORT SUCCESSFUL !!!!!!

2022-01-20 12:38:07,203 - com.pricer.Start - INFO - Prepare Installation...
2022-01-20 12:38:07,213 - com.pricer.Start - INFO - Starting Application ExtractInfra V1.0
2022-01-20 12:38:07,383 - com.pricer.Start - INFO - getting subcell List...
2022-01-20 12:38:07,388 - com.pricer.Start - INFO - getting geostore List...
2022-01-20 12:38:07,392 - com.pricer.Start - INFO - getting subcell TRXMAP List...
2022-01-20 12:38:07,403 - com.pricer.Start - INFO - getting Base Station List...
2022-01-20 12:38:07,407 - com.pricer.Start - INFO - getting Link Department List...
2022-01-20 12:38:07,408 - com.pricer.Start - INFO - Construction of LinkDepartement ...
2022-01-20 12:38:07,413 - com.pricer.Start - INFO - Create Export File for LinkDepartment...
2022-01-20 12:38:07,418 - com.pricer.Start - INFO - Getting Transceiver List...
2022-01-20 12:38:07,420 - com.pricer.Start - INFO - Create Export File for Transceiver List...
2022-01-20 12:38:07,424 - com.pricer.Start - INFO - Create Export File for Transceiver Location list...
2022-01-20 12:38:07,427 - com.pricer.Start - INFO - Create Export File for Base Stations List...
2022-01-20 12:38:07,429 - com.pricer.Start - INFO - Create Export file for GeoStore List...
2022-01-20 12:38:07,431 - com.pricer.Start - INFO - Flag Deleted...
2022-01-20 12:38:17,215 - com.pricer.Start - INFO - !!!!!!! DATA EXPORT SUCCESSFUL !!!!!!

2022-01-20 12:38:55,219 - com.pricer.Start - INFO - Prepare Installation...
2022-01-20 12:38:55,229 - com.pricer.Start - INFO - Starting Application ExtractInfra V1.0
2022-01-20 12:38:55,387 - com.pricer.Start - INFO - getting subcell List...
2022-01-20 12:38:55,389 - com.pricer.Start - INFO - getting geostore List...
2022-01-20 12:38:55,394 - com.pricer.Start - INFO - getting subcell TRXMAP List...
2022-01-20 12:38:55,397 - com.pricer.Start - INFO - getting Base Station List...
2022-01-20 12:38:55,399 - com.pricer.Start - INFO - getting Link Department List...
2022-01-20 12:38:55,399 - com.pricer.Start - INFO - Construction of LinkDepartement ...
2022-01-20 12:38:55,404 - com.pricer.Start - INFO - Create Export File for LinkDepartment...
2022-01-20 12:38:55,408 - com.pricer.Start - INFO - Getting Transceiver List...
2022-01-20 12:38:55,410 - com.pricer.Start - INFO - Create Export File for Transceiver List...
2022-01-20 12:38:55,413 - com.pricer.Start - INFO - Create Export File for Transceiver Location list...
2022-01-20 12:38:55,417 - com.pricer.Start - INFO - Create Export File for Base Stations List...
2022-01-20 12:38:55,418 - com.pricer.Start - INFO - Create Export file for GeoStore List...
2022-01-20 12:38:55,420 - com.pricer.Start - INFO - Flag Deleted...
2022-01-20 12:39:05,231 - com.pricer.Start - INFO - !!!!!!! DATA EXPORT SUCCESSFUL !!!!!!

2022-01-21 15:14:37,192 - com.pricer.Start - INFO - Prepare Installation...
2022-01-21 15:14:37,204 - com.pricer.Start - INFO - Starting Application ExtractInfra V1.0
2022-01-21 15:14:37,422 - com.pricer.Start - INFO - getting subcell List...
2022-01-21 15:14:37,427 - com.pricer.Start - INFO - getting geostore List...
2022-01-21 15:14:37,438 - com.pricer.Start - INFO - getting subcell TRXMAP List...
2022-01-21 15:14:37,443 - com.pricer.Start - INFO - getting Base Station List...
2022-01-21 15:14:37,449 - com.pricer.Start - INFO - getting Link Department List...
2022-01-21 15:14:37,452 - com.pricer.Start - INFO - Construction of LinkDepartement ...
2022-01-21 15:14:37,459 - com.pricer.Start - INFO - Create Export File for LinkDepartment...
2022-01-21 15:14:37,464 - com.pricer.Start - INFO - Getting Transceiver List...
2022-01-21 15:14:37,471 - com.pricer.Start - INFO - Create Export File for Transceiver List...
2022-01-21 15:14:37,475 - com.pricer.Start - INFO - Create Export File for Transceiver Location list...
2022-01-21 15:14:37,478 - com.pricer.Start - FATAL - general ERROR check File and FOlders Configuration :null
2022-01-21 15:14:37,478 - com.pricer.Start - FATAL - Migration Aborted !!!
2022-01-21 15:14:37,481 - com.pricer.Start - INFO - Flag Deleted...
2022-01-21 15:14:47,220 - com.pricer.Start - FATAL - Threatment during more than 40 min Or flag ko detected , stopping migration
2022-01-21 15:14:47,223 - com.pricer.Start - FATAL - Prepare Migration Aborted !!!
2022-01-21 15:14:47,223 - com.pricer.Start - FATAL - Exit Application Without Rollback (not necessary
2022-01-21 15:15:09,586 - com.pricer.Start - INFO - Prepare Installation...
2022-01-21 15:15:09,593 - com.pricer.Start - INFO - Starting Application ExtractInfra V1.0
2022-01-21 15:15:09,770 - com.pricer.Start - INFO - getting subcell List...
2022-01-21 15:15:09,774 - com.pricer.Start - INFO - getting geostore List...
2022-01-21 15:15:09,781 - com.pricer.Start - INFO - getting subcell TRXMAP List...
2022-01-21 15:15:09,785 - com.pricer.Start - INFO - getting Base Station List...
2022-01-21 15:15:09,788 - com.pricer.Start - INFO - getting Link Department List...
2022-01-21 15:15:09,788 - com.pricer.Start - INFO - Construction of LinkDepartement ...
2022-01-21 15:15:09,795 - com.pricer.Start - INFO - Create Export File for LinkDepartment...
2022-01-21 15:15:09,802 - com.pricer.Start - INFO - Getting Transceiver List...
2022-01-21 15:15:09,808 - com.pricer.Start - INFO - Create Export File for Transceiver List...
2022-01-21 15:15:09,812 - com.pricer.Start - INFO - Create Export File for Transceiver Location list...
2022-01-21 15:15:09,816 - com.pricer.Start - FATAL - general ERROR check File and FOlders Configuration :null
2022-01-21 15:15:09,816 - com.pricer.Start - FATAL - Migration Aborted !!!
2022-01-21 15:15:09,820 - com.pricer.Start - INFO - Flag Deleted...
2022-01-21 15:15:19,604 - com.pricer.Start - FATAL - Threatment during more than 40 min Or flag ko detected , stopping migration
2022-01-21 15:15:19,608 - com.pricer.Start - FATAL - Prepare Migration Aborted !!!
2022-01-21 15:15:19,608 - com.pricer.Start - FATAL - Exit Application Without Rollback (not necessary
2022-01-21 15:16:14,918 - com.pricer.Start - INFO - Prepare Installation...
2022-01-21 15:16:14,923 - com.pricer.Start - INFO - Starting Application ExtractInfra V1.0
2022-01-21 15:16:15,111 - com.pricer.Start - INFO - getting subcell List...
2022-01-21 15:16:15,113 - com.pricer.Start - INFO - getting geostore List...
2022-01-21 15:16:15,120 - com.pricer.Start - INFO - getting subcell TRXMAP List...
2022-01-21 15:16:15,123 - com.pricer.Start - INFO - getting Base Station List...
2022-01-21 15:16:15,125 - com.pricer.Start - INFO - getting Link Department List...
2022-01-21 15:16:15,126 - com.pricer.Start - INFO - Construction of LinkDepartement ...
2022-01-21 15:16:15,131 - com.pricer.Start - INFO - Create Export File for LinkDepartment...
2022-01-21 15:16:15,136 - com.pricer.Start - INFO - Getting Transceiver List...
2022-01-21 15:16:15,139 - com.pricer.Start - INFO - Create Export File for Transceiver List...
2022-01-21 15:16:15,142 - com.pricer.Start - INFO - Create Export File for Transceiver Location list...
2022-01-21 15:16:15,145 - com.pricer.Start - FATAL - general ERROR check File and FOlders Configuration :null
2022-01-21 15:16:15,145 - com.pricer.Start - FATAL - Migration Aborted !!!
2022-01-21 15:16:15,148 - com.pricer.Start - INFO - Flag Deleted...
2022-01-21 15:16:24,933 - com.pricer.Start - FATAL - Threatment during more than 40 min Or flag ko detected , stopping migration
2022-01-21 15:16:24,936 - com.pricer.Start - FATAL - Prepare Migration Aborted !!!
2022-01-21 15:16:24,936 - com.pricer.Start - FATAL - Exit Application Without Rollback (not necessary
2022-01-21 15:17:32,377 - com.pricer.Start - INFO - Prepare Installation...
2022-01-21 15:17:32,382 - com.pricer.Start - INFO - Starting Application ExtractInfra V1.0
2022-01-21 15:17:32,553 - com.pricer.Start - INFO - getting subcell List...
2022-01-21 15:17:32,555 - com.pricer.Start - INFO - getting geostore List...
2022-01-21 15:17:32,561 - com.pricer.Start - INFO - getting subcell TRXMAP List...
2022-01-21 15:17:32,564 - com.pricer.Start - INFO - getting Base Station List...
2022-01-21 15:17:32,566 - com.pricer.Start - INFO - getting Link Department List...
2022-01-21 15:17:32,567 - com.pricer.Start - INFO - Construction of LinkDepartement ...
2022-01-21 15:17:32,572 - com.pricer.Start - INFO - Create Export File for LinkDepartment...
2022-01-21 15:17:32,577 - com.pricer.Start - INFO - Getting Transceiver List...
2022-01-21 15:17:32,579 - com.pricer.Start - INFO - Create Export File for Transceiver List...
2022-01-21 15:17:32,582 - com.pricer.Start - INFO - Create Export File for Transceiver Location list...
2022-01-21 15:17:32,585 - com.pricer.Start - FATAL - general ERROR check File and FOlders Configuration :null
2022-01-21 15:17:32,585 - com.pricer.Start - FATAL - Migration Aborted !!!
2022-01-21 15:17:32,588 - com.pricer.Start - INFO - Flag Deleted...
2022-01-21 15:17:42,392 - com.pricer.Start - FATAL - Threatment during more than 40 min Or flag ko detected , stopping migration
2022-01-21 15:17:42,396 - com.pricer.Start - FATAL - Prepare Migration Aborted !!!
2022-01-21 15:17:42,396 - com.pricer.Start - FATAL - Exit Application Without Rollback (not necessary
2022-01-21 15:19:32,560 - com.pricer.Start - INFO - Prepare Installation...
2022-01-21 15:19:32,565 - com.pricer.Start - INFO - Starting Application ExtractInfra V1.0
2022-01-21 15:19:32,752 - com.pricer.Start - INFO - getting subcell List...
2022-01-21 15:19:32,755 - com.pricer.Start - INFO - getting geostore List...
2022-01-21 15:19:32,762 - com.pricer.Start - INFO - getting subcell TRXMAP List...
2022-01-21 15:19:32,765 - com.pricer.Start - INFO - getting Base Station List...
2022-01-21 15:19:32,767 - com.pricer.Start - INFO - getting Link Department List...
2022-01-21 15:19:32,768 - com.pricer.Start - INFO - Construction of LinkDepartement ...
2022-01-21 15:19:32,775 - com.pricer.Start - INFO - Create Export File for LinkDepartment...
2022-01-21 15:19:32,785 - com.pricer.Start - INFO - Getting Transceiver List...
2022-01-21 15:19:32,787 - com.pricer.Start - INFO - Create Export File for Transceiver List...
2022-01-21 15:19:32,792 - com.pricer.Start - INFO - Create Export File for Transceiver Location list...
2022-01-21 15:19:32,795 - com.pricer.Start - INFO - Create Export File for Base Stations List...
2022-01-21 15:19:32,797 - com.pricer.Start - INFO - Create Export file for GeoStore List...
2022-01-21 15:19:32,801 - com.pricer.Start - INFO - Flag Deleted...
2022-01-21 15:19:42,578 - com.pricer.Start - INFO - !!!!!!! DATA EXPORT SUCCESSFUL !!!!!!

